android/app/build/intermediates/manifest_merge_blame_file/release/manifest-merger-blame-release-report.txt
1<?xml version="1.0" encoding="utf-8"?>
2<manifest xmlns:android="http://schemas.android.com/apk/res/android"
3    package="com.mbesocialdistancingapp"
4    android:versionCode="1"
5    android:versionName="1.0" >
6
7    <uses-sdk
8        android:minSdkVersion="16"
8-->src/main/AndroidManifest.xml
9        android:targetSdkVersion="28" />
9-->src/main/AndroidManifest.xml
10
11    <uses-permission android:name="android.permission.INTERNET" />
11-->src/main/AndroidManifest.xml:4:5-67
11-->src/main/AndroidManifest.xml:4:22-64
12    <uses-permission android:name="android.permission.ACCESS_FINE_LOCATION" />
12-->src/main/AndroidManifest.xml:5:5-79
12-->src/main/AndroidManifest.xml:5:22-76
13    <uses-permission android:name="android.permission.WRITE_EXTERNAL_STORAGE" />
13-->src/main/AndroidManifest.xml:6:5-81
13-->src/main/AndroidManifest.xml:6:22-78
14    <uses-permission android:name="android.permission.WAKE_LOCK" />
14-->src/main/AndroidManifest.xml:7:5-68
14-->src/main/AndroidManifest.xml:7:22-65
15    <uses-permission android:name="android.permission.ACCESS_BACKGROUND_LOCATION" />
15-->src/main/AndroidManifest.xml:8:6-86
15-->src/main/AndroidManifest.xml:8:23-83
16    <uses-permission android:name="android.permission.VIBRATE" />
16-->src/main/AndroidManifest.xml:9:5-66
16-->src/main/AndroidManifest.xml:9:22-63
17    <uses-permission android:name="android.permission.RECEIVE_BOOT_COMPLETED" />
17-->src/main/AndroidManifest.xml:10:5-80
17-->src/main/AndroidManifest.xml:10:22-78
18    <uses-permission android:name="android.hardware.location" />
18-->[:@mauron85_react-native-background-geolocation] AndroidManifest.xml:29:5-65
18-->[:@mauron85_react-native-background-geolocation] AndroidManifest.xml:29:22-62
19    <uses-permission android:name="android.permission.ACCESS_NETWORK_STATE" />
19-->[:@mauron85_react-native-background-geolocation] AndroidManifest.xml:32:5-79
19-->[:@mauron85_react-native-background-geolocation] AndroidManifest.xml:32:22-76
20    <uses-permission android:name="android.permission.ACCESS_COARSE_LOCATION" />
20-->[:@mauron85_react-native-background-geolocation] AndroidManifest.xml:33:5-81
20-->[:@mauron85_react-native-background-geolocation] AndroidManifest.xml:33:22-78
21    <uses-permission android:name="android.permission.ACCESS_LOCATION_EXTRA_COMMANDS" />
21-->[:@mauron85_react-native-background-geolocation] AndroidManifest.xml:35:5-89
21-->[:@mauron85_react-native-background-geolocation] AndroidManifest.xml:35:22-86
22    <uses-permission android:name="com.google.android.gms.permission.ACTIVITY_RECOGNITION" />
22-->[:@mauron85_react-native-background-geolocation] AndroidManifest.xml:36:5-94
22-->[:@mauron85_react-native-background-geolocation] AndroidManifest.xml:36:22-91
23    <uses-permission android:name="android.permission.READ_SYNC_SETTINGS" />
23-->[:@mauron85_react-native-background-geolocation] AndroidManifest.xml:38:5-77
23-->[:@mauron85_react-native-background-geolocation] AndroidManifest.xml:38:22-74
24    <uses-permission android:name="android.permission.WRITE_SYNC_SETTINGS" />
24-->[:@mauron85_react-native-background-geolocation] AndroidManifest.xml:39:5-78
24-->[:@mauron85_react-native-background-geolocation] AndroidManifest.xml:39:22-75
25    <uses-permission android:name="android.permission.AUTHENTICATE_ACCOUNTS" />
25-->[:@mauron85_react-native-background-geolocation] AndroidManifest.xml:40:5-80
25-->[:@mauron85_react-native-background-geolocation] AndroidManifest.xml:40:22-77
26    <uses-permission android:name="android.permission.FOREGROUND_SERVICE" />
26-->[:@mauron85_react-native-background-geolocation] AndroidManifest.xml:41:5-77
26-->[:@mauron85_react-native-background-geolocation] AndroidManifest.xml:41:22-74
27    <uses-permission android:name="android.permission.ACCESS_WIFI_STATE" /> <!-- Permissions required for GCM -->
27-->[:react-native-community_netinfo] AndroidManifest.xml:10:5-76
27-->[:react-native-community_netinfo] AndroidManifest.xml:10:22-73
28    <uses-permission android:name="com.google.android.c2dm.permission.RECEIVE" /> <!-- for android -->
28-->[com.google.android.gms:play-services-gcm:9.8.0] AndroidManifest.xml:20:5-81
28-->[com.google.android.gms:play-services-gcm:9.8.0] AndroidManifest.xml:20:22-79
29    <!-- <uses-permission android:name="com.android.launcher.permission.READ_SETTINGS"/> -->
30    <!-- <uses-permission android:name="com.android.launcher.permission.WRITE_SETTINGS"/> -->
31    <!-- <uses-permission android:name="com.android.launcher.permission.INSTALL_SHORTCUT" /> -->
32    <!-- <uses-permission android:name="com.android.launcher.permission.UNINSTALL_SHORTCUT" /> -->
33    <!-- for Samsung -->
34    <uses-permission android:name="com.sec.android.provider.badge.permission.READ" />
34-->[me.leolin:ShortcutBadger:1.1.22] AndroidManifest.xml:19:5-86
34-->[me.leolin:ShortcutBadger:1.1.22] AndroidManifest.xml:19:22-83
35    <uses-permission android:name="com.sec.android.provider.badge.permission.WRITE" /> <!-- for htc -->
35-->[me.leolin:ShortcutBadger:1.1.22] AndroidManifest.xml:20:5-87
35-->[me.leolin:ShortcutBadger:1.1.22] AndroidManifest.xml:20:22-84
36    <uses-permission android:name="com.htc.launcher.permission.READ_SETTINGS" />
36-->[me.leolin:ShortcutBadger:1.1.22] AndroidManifest.xml:23:5-81
36-->[me.leolin:ShortcutBadger:1.1.22] AndroidManifest.xml:23:22-78
37    <uses-permission android:name="com.htc.launcher.permission.UPDATE_SHORTCUT" /> <!-- for sony -->
37-->[me.leolin:ShortcutBadger:1.1.22] AndroidManifest.xml:24:5-83
37-->[me.leolin:ShortcutBadger:1.1.22] AndroidManifest.xml:24:22-80
38    <uses-permission android:name="com.sonyericsson.home.permission.BROADCAST_BADGE" />
38-->[me.leolin:ShortcutBadger:1.1.22] AndroidManifest.xml:27:5-88
38-->[me.leolin:ShortcutBadger:1.1.22] AndroidManifest.xml:27:22-85
39    <uses-permission android:name="com.sonymobile.home.permission.PROVIDER_INSERT_BADGE" /> <!-- for apex -->
39-->[me.leolin:ShortcutBadger:1.1.22] AndroidManifest.xml:28:5-92
39-->[me.leolin:ShortcutBadger:1.1.22] AndroidManifest.xml:28:22-89
40    <uses-permission android:name="com.anddoes.launcher.permission.UPDATE_COUNT" /> <!-- for solid -->
40-->[me.leolin:ShortcutBadger:1.1.22] AndroidManifest.xml:31:5-84
40-->[me.leolin:ShortcutBadger:1.1.22] AndroidManifest.xml:31:22-81
41    <uses-permission android:name="com.majeur.launcher.permission.UPDATE_BADGE" /> <!-- for huawei -->
41-->[me.leolin:ShortcutBadger:1.1.22] AndroidManifest.xml:34:5-83
41-->[me.leolin:ShortcutBadger:1.1.22] AndroidManifest.xml:34:22-80
42    <uses-permission android:name="com.huawei.android.launcher.permission.CHANGE_BADGE" />
42-->[me.leolin:ShortcutBadger:1.1.22] AndroidManifest.xml:37:5-91
42-->[me.leolin:ShortcutBadger:1.1.22] AndroidManifest.xml:37:22-88
43    <uses-permission android:name="com.huawei.android.launcher.permission.READ_SETTINGS" />
43-->[me.leolin:ShortcutBadger:1.1.22] AndroidManifest.xml:38:5-92
43-->[me.leolin:ShortcutBadger:1.1.22] AndroidManifest.xml:38:22-89
44    <uses-permission android:name="com.huawei.android.launcher.permission.WRITE_SETTINGS" /> <!-- for ZUK -->
44-->[me.leolin:ShortcutBadger:1.1.22] AndroidManifest.xml:39:5-93
44-->[me.leolin:ShortcutBadger:1.1.22] AndroidManifest.xml:39:22-90
45    <uses-permission android:name="android.permission.READ_APP_BADGE" /> <!-- for OPPO -->
45-->[me.leolin:ShortcutBadger:1.1.22] AndroidManifest.xml:42:5-73
45-->[me.leolin:ShortcutBadger:1.1.22] AndroidManifest.xml:42:22-70
46    <uses-permission android:name="com.oppo.launcher.permission.READ_SETTINGS" />
46-->[me.leolin:ShortcutBadger:1.1.22] AndroidManifest.xml:45:5-82
46-->[me.leolin:ShortcutBadger:1.1.22] AndroidManifest.xml:45:22-79
47    <uses-permission android:name="com.oppo.launcher.permission.WRITE_SETTINGS" /> <!-- for EvMe -->
47-->[me.leolin:ShortcutBadger:1.1.22] AndroidManifest.xml:46:5-83
47-->[me.leolin:ShortcutBadger:1.1.22] AndroidManifest.xml:46:22-80
48    <uses-permission android:name="me.everything.badger.permission.BADGE_COUNT_READ" />
48-->[me.leolin:ShortcutBadger:1.1.22] AndroidManifest.xml:49:5-88
48-->[me.leolin:ShortcutBadger:1.1.22] AndroidManifest.xml:49:22-85
49    <uses-permission android:name="me.everything.badger.permission.BADGE_COUNT_WRITE" />
49-->[me.leolin:ShortcutBadger:1.1.22] AndroidManifest.xml:50:5-89
49-->[me.leolin:ShortcutBadger:1.1.22] AndroidManifest.xml:50:22-86
50
51    <uses-feature
51-->[com.google.android.gms:play-services-maps:17.0.0] AndroidManifest.xml:26:5-28:35
52        android:glEsVersion="0x00020000"
52-->[com.google.android.gms:play-services-maps:17.0.0] AndroidManifest.xml:27:9-41
53        android:required="true" />
53-->[com.google.android.gms:play-services-maps:17.0.0] AndroidManifest.xml:28:9-32
54
55    <application
55-->src/main/AndroidManifest.xml:11:5-62:19
56        android:name="com.mbesocialdistancingapp.MainApplication"
56-->src/main/AndroidManifest.xml:12:7-38
57        android:allowBackup="false"
57-->src/main/AndroidManifest.xml:16:7-34
58        android:appComponentFactory="androidx.core.app.CoreComponentFactory"
58-->[androidx.core:core:1.1.0] AndroidManifest.xml:24:18-86
59        android:icon="@mipmap/ic_launcher"
59-->src/main/AndroidManifest.xml:14:7-41
60        android:label="@string/app_name"
60-->src/main/AndroidManifest.xml:13:7-39
61        android:roundIcon="@mipmap/ic_launcher_round"
61-->src/main/AndroidManifest.xml:15:7-52
62        android:theme="@style/AppTheme"
62-->src/main/AndroidManifest.xml:17:7-38
63        android:usesCleartextTraffic="true" >
63-->src/main/AndroidManifest.xml:18:7-42
64        <meta-data
64-->src/main/AndroidManifest.xml:20:9-22:63
65            android:name="com.google.android.geo.API_KEY"
65-->src/main/AndroidManifest.xml:21:6-51
66            android:value="AIzaSyAKnZLRNSsR0lKyuHEvtt7pzWZE3mFdJe0" />
66-->src/main/AndroidManifest.xml:22:6-61
67
68        <uses-library
68-->src/main/AndroidManifest.xml:23:8-86
69            android:name="org.apache.http.legacy"
69-->src/main/AndroidManifest.xml:23:22-59
70            android:required="false" />
70-->src/main/AndroidManifest.xml:23:60-84
71
72        <activity
72-->src/main/AndroidManifest.xml:25:7-35:18
73            android:name="com.mbesocialdistancingapp.MainActivity"
73-->src/main/AndroidManifest.xml:26:9-37
74            android:configChanges="keyboard|keyboardHidden|orientation|screenSize|uiMode"
74-->src/main/AndroidManifest.xml:28:9-86
75            android:label="@string/app_name"
75-->src/main/AndroidManifest.xml:27:9-41
76            android:launchMode="singleTask"
76-->src/main/AndroidManifest.xml:29:9-40
77            android:windowSoftInputMode="adjustResize" >
77-->src/main/AndroidManifest.xml:30:9-51
78            <intent-filter>
78-->src/main/AndroidManifest.xml:31:9-34:25
79                <action android:name="android.intent.action.MAIN" />
79-->src/main/AndroidManifest.xml:32:13-65
79-->src/main/AndroidManifest.xml:32:21-62
80
81                <category android:name="android.intent.category.LAUNCHER" />
81-->src/main/AndroidManifest.xml:33:13-73
81-->src/main/AndroidManifest.xml:33:23-70
82            </intent-filter>
83        </activity>
84        <activity android:name="com.facebook.react.devsupport.DevSettingsActivity" />
84-->src/main/AndroidManifest.xml:36:7-84
84-->src/main/AndroidManifest.xml:36:17-81
85
86        <meta-data
86-->src/main/AndroidManifest.xml:38:7-39:65
87            android:name="com.dieam.reactnativepushnotification.notification_channel_name"
87-->src/main/AndroidManifest.xml:38:19-97
88            android:value="YOUR NOTIFICATION CHANNEL NAME" />
88-->src/main/AndroidManifest.xml:39:17-63
89        <meta-data
89-->src/main/AndroidManifest.xml:40:9-41:76
90            android:name="com.dieam.reactnativepushnotification.notification_channel_description"
90-->src/main/AndroidManifest.xml:40:21-106
91            android:value="YOUR NOTIFICATION CHANNEL DESCRIPTION" />
91-->src/main/AndroidManifest.xml:41:21-74
92        <!-- Change the resource name to your App's accent color - or any other color you want -->
93        <meta-data
93-->src/main/AndroidManifest.xml:43:9-44:54
94            android:name="com.dieam.reactnativepushnotification.notification_color"
94-->src/main/AndroidManifest.xml:43:21-92
95            android:resource="@color/white" /> <!-- or @android:color/{name} to use a standard color -->
95-->src/main/AndroidManifest.xml:44:21-52
96
97        <receiver android:name="com.dieam.reactnativepushnotification.modules.RNPushNotificationPublisher" />
97-->src/main/AndroidManifest.xml:46:9-110
97-->src/main/AndroidManifest.xml:46:19-107
98        <receiver android:name="com.dieam.reactnativepushnotification.modules.RNPushNotificationBootEventReceiver" >
98-->src/main/AndroidManifest.xml:47:9-51:20
98-->src/main/AndroidManifest.xml:47:19-115
99            <intent-filter>
99-->src/main/AndroidManifest.xml:48:13-50:29
100                <action android:name="android.intent.action.BOOT_COMPLETED" />
100-->src/main/AndroidManifest.xml:49:17-79
100-->src/main/AndroidManifest.xml:49:25-76
101            </intent-filter>
102        </receiver>
103
104        <service android:name="com.dieam.reactnativepushnotification.modules.RNPushNotificationRegistrationService" />
104-->src/main/AndroidManifest.xml:52:9-118
104-->src/main/AndroidManifest.xml:52:18-116
105        <service
105-->src/main/AndroidManifest.xml:54:9-60:19
106            android:name="com.dieam.reactnativepushnotification.modules.RNPushNotificationListenerService"
106-->src/main/AndroidManifest.xml:55:13-107
107            android:exported="false" >
107-->src/main/AndroidManifest.xml:56:13-37
108            <intent-filter>
108-->src/main/AndroidManifest.xml:57:13-59:29
109                <action android:name="com.google.firebase.MESSAGING_EVENT" />
109-->src/main/AndroidManifest.xml:58:17-78
109-->src/main/AndroidManifest.xml:58:25-75
110            </intent-filter>
111        </service>
112        <service
112-->[:@mauron85_react-native-background-geolocation] AndroidManifest.xml:44:9-55:19
113            android:name="com.marianhello.bgloc.sync.SyncService"
113-->[:@mauron85_react-native-background-geolocation] AndroidManifest.xml:45:13-66
114            android:exported="true"
114-->[:@mauron85_react-native-background-geolocation] AndroidManifest.xml:46:13-36
115            android:process=":sync" >
115-->[:@mauron85_react-native-background-geolocation] AndroidManifest.xml:47:13-36
116            <intent-filter>
116-->[:@mauron85_react-native-background-geolocation] AndroidManifest.xml:48:13-50:29
117                <action android:name="android.content.SyncAdapter" />
117-->[:@mauron85_react-native-background-geolocation] AndroidManifest.xml:49:17-70
117-->[:@mauron85_react-native-background-geolocation] AndroidManifest.xml:49:25-67
118            </intent-filter>
119
120            <meta-data
120-->[:@mauron85_react-native-background-geolocation] AndroidManifest.xml:52:13-54:55
121                android:name="android.content.SyncAdapter"
121-->[:@mauron85_react-native-background-geolocation] AndroidManifest.xml:53:17-59
122                android:resource="@xml/syncadapter" />
122-->[:@mauron85_react-native-background-geolocation] AndroidManifest.xml:54:17-52
123        </service>
124        <service android:name="com.marianhello.bgloc.sync.AuthenticatorService" >
124-->[:@mauron85_react-native-background-geolocation] AndroidManifest.xml:56:9-64:19
124-->[:@mauron85_react-native-background-geolocation] AndroidManifest.xml:56:18-80
125            <intent-filter>
125-->[:@mauron85_react-native-background-geolocation] AndroidManifest.xml:57:13-59:29
126                <action android:name="android.accounts.AccountAuthenticator" />
126-->[:@mauron85_react-native-background-geolocation] AndroidManifest.xml:58:17-80
126-->[:@mauron85_react-native-background-geolocation] AndroidManifest.xml:58:25-77
127            </intent-filter>
128
129            <meta-data
129-->[:@mauron85_react-native-background-geolocation] AndroidManifest.xml:61:13-63:57
130                android:name="android.accounts.AccountAuthenticator"
130-->[:@mauron85_react-native-background-geolocation] AndroidManifest.xml:62:17-69
131                android:resource="@xml/authenticator" />
131-->[:@mauron85_react-native-background-geolocation] AndroidManifest.xml:63:17-54
132        </service>
133
134        <provider
134-->[:@mauron85_react-native-background-geolocation] AndroidManifest.xml:66:9-70:39
135            android:name="com.marianhello.bgloc.data.provider.LocationContentProvider"
135-->[:@mauron85_react-native-background-geolocation] AndroidManifest.xml:67:13-87
136            android:authorities="@string/mauron85_bgloc_content_authority"
136-->[:@mauron85_react-native-background-geolocation] AndroidManifest.xml:68:13-75
137            android:exported="false"
137-->[:@mauron85_react-native-background-geolocation] AndroidManifest.xml:69:13-37
138            android:syncable="true" />
138-->[:@mauron85_react-native-background-geolocation] AndroidManifest.xml:70:13-36
139
140        <service
140-->[:@mauron85_react-native-background-geolocation] AndroidManifest.xml:72:9-75:40
141            android:name="com.marianhello.bgloc.service.LocationServiceImpl"
141-->[:@mauron85_react-native-background-geolocation] AndroidManifest.xml:73:13-77
142            android:enabled="true"
142-->[:@mauron85_react-native-background-geolocation] AndroidManifest.xml:74:13-35
143            android:exported="false" />
143-->[:@mauron85_react-native-background-geolocation] AndroidManifest.xml:75:13-37
144        <service
144-->[:@mauron85_react-native-background-geolocation] AndroidManifest.xml:76:9-79:40
145            android:name="com.marianhello.bgloc.react.headless.HeadlessService"
145-->[:@mauron85_react-native-background-geolocation] AndroidManifest.xml:77:13-80
146            android:enabled="true"
146-->[:@mauron85_react-native-background-geolocation] AndroidManifest.xml:78:13-35
147            android:exported="false" />
147-->[:@mauron85_react-native-background-geolocation] AndroidManifest.xml:79:13-37
148
149        <receiver
149-->[:@mauron85_react-native-background-geolocation] AndroidManifest.xml:81:9-88:20
150            android:name="com.marianhello.bgloc.BootCompletedReceiver"
150-->[:@mauron85_react-native-background-geolocation] AndroidManifest.xml:82:13-71
151            android:enabled="true"
151-->[:@mauron85_react-native-background-geolocation] AndroidManifest.xml:83:13-35
152            android:exported="true" >
152-->[:@mauron85_react-native-background-geolocation] AndroidManifest.xml:84:13-36
153            <intent-filter>
153-->src/main/AndroidManifest.xml:48:13-50:29
154                <action android:name="android.intent.action.BOOT_COMPLETED" />
154-->src/main/AndroidManifest.xml:49:17-79
154-->src/main/AndroidManifest.xml:49:25-76
155            </intent-filter>
156        </receiver>
157
158        <provider
158-->[:react-native-webview] AndroidManifest.xml:12:9-20:20
159            android:name="com.reactnativecommunity.webview.RNCWebViewFileProvider"
159-->[:react-native-webview] AndroidManifest.xml:13:13-83
160            android:authorities="com.mbesocialdistancingapp.fileprovider"
160-->[:react-native-webview] AndroidManifest.xml:14:13-64
161            android:exported="false"
161-->[:react-native-webview] AndroidManifest.xml:15:13-37
162            android:grantUriPermissions="true" >
162-->[:react-native-webview] AndroidManifest.xml:16:13-47
163            <meta-data
163-->[:react-native-webview] AndroidManifest.xml:17:13-19:63
164                android:name="android.support.FILE_PROVIDER_PATHS"
164-->[:react-native-webview] AndroidManifest.xml:18:17-67
165                android:resource="@xml/file_provider_paths" />
165-->[:react-native-webview] AndroidManifest.xml:19:17-60
166        </provider>
167        <!--
168             FirebaseMessagingService performs security checks at runtime,
169             but set to not exported to explicitly avoid allowing another app to call it.
170        -->
171        <service
171-->[com.google.firebase:firebase-messaging:20.1.6] AndroidManifest.xml:28:9-34:19
172            android:name="com.google.firebase.messaging.FirebaseMessagingService"
172-->[com.google.firebase:firebase-messaging:20.1.6] AndroidManifest.xml:29:13-82
173            android:exported="false" >
173-->[com.google.firebase:firebase-messaging:20.1.6] AndroidManifest.xml:30:13-37
174            <intent-filter android:priority="-500" >
174-->src/main/AndroidManifest.xml:57:13-59:29
175                <action android:name="com.google.firebase.MESSAGING_EVENT" />
175-->src/main/AndroidManifest.xml:58:17-78
175-->src/main/AndroidManifest.xml:58:25-75
176            </intent-filter>
177        </service>
178        <service
178-->[com.google.firebase:firebase-messaging:20.1.6] AndroidManifest.xml:35:9-41:19
179            android:name="com.google.firebase.components.ComponentDiscoveryService"
179-->[com.google.firebase:firebase-messaging:20.1.6] AndroidManifest.xml:36:13-84
180            android:directBootAware="true"
180-->[com.google.firebase:firebase-common:19.3.0] AndroidManifest.xml:34:13-43
181            android:exported="false" >
181-->[com.google.firebase:firebase-messaging:20.1.6] AndroidManifest.xml:37:13-37
182            <meta-data
182-->[com.google.firebase:firebase-messaging:20.1.6] AndroidManifest.xml:38:13-40:85
183                android:name="com.google.firebase.components:com.google.firebase.messaging.FirebaseMessagingRegistrar"
183-->[com.google.firebase:firebase-messaging:20.1.6] AndroidManifest.xml:39:17-119
184                android:value="com.google.firebase.components.ComponentRegistrar" />
184-->[com.google.firebase:firebase-messaging:20.1.6] AndroidManifest.xml:40:17-82
185            <meta-data
185-->[com.google.firebase:firebase-datatransport:17.0.3] AndroidManifest.xml:28:13-30:85
186                android:name="com.google.firebase.components:com.google.firebase.datatransport.TransportRegistrar"
186-->[com.google.firebase:firebase-datatransport:17.0.3] AndroidManifest.xml:29:17-115
187                android:value="com.google.firebase.components.ComponentRegistrar" />
187-->[com.google.firebase:firebase-datatransport:17.0.3] AndroidManifest.xml:30:17-82
188            <meta-data
188-->[com.google.firebase:firebase-iid:20.1.6] AndroidManifest.xml:32:13-34:85
189                android:name="com.google.firebase.components:com.google.firebase.iid.Registrar"
189-->[com.google.firebase:firebase-iid:20.1.6] AndroidManifest.xml:33:17-96
190                android:value="com.google.firebase.components.ComponentRegistrar" />
190-->[com.google.firebase:firebase-iid:20.1.6] AndroidManifest.xml:34:17-82
191            <meta-data
191-->[com.google.firebase:firebase-installations:16.2.2] AndroidManifest.xml:17:13-19:85
192                android:name="com.google.firebase.components:com.google.firebase.installations.FirebaseInstallationsRegistrar"
192-->[com.google.firebase:firebase-installations:16.2.2] AndroidManifest.xml:18:17-127
193                android:value="com.google.firebase.components.ComponentRegistrar" />
193-->[com.google.firebase:firebase-installations:16.2.2] AndroidManifest.xml:19:17-82
194        </service>
195        <service
195-->[com.google.android.datatransport:transport-backend-cct:2.2.0] AndroidManifest.xml:29:9-35:19
196            android:name="com.google.android.datatransport.runtime.backends.TransportBackendDiscovery"
196-->[com.google.android.datatransport:transport-backend-cct:2.2.0] AndroidManifest.xml:30:13-103
197            android:exported="false" >
197-->[com.google.android.datatransport:transport-backend-cct:2.2.0] AndroidManifest.xml:31:13-37
198            <meta-data
198-->[com.google.android.datatransport:transport-backend-cct:2.2.0] AndroidManifest.xml:32:13-34:39
199                android:name="backend:com.google.android.datatransport.cct.CctBackendFactory"
199-->[com.google.android.datatransport:transport-backend-cct:2.2.0] AndroidManifest.xml:33:17-94
200                android:value="cct" />
200-->[com.google.android.datatransport:transport-backend-cct:2.2.0] AndroidManifest.xml:34:17-36
201        </service>
202        <service
202-->[com.google.android.datatransport:transport-runtime:2.2.0] AndroidManifest.xml:26:9-30:19
203            android:name="com.google.android.datatransport.runtime.scheduling.jobscheduling.JobInfoSchedulerService"
203-->[com.google.android.datatransport:transport-runtime:2.2.0] AndroidManifest.xml:27:13-117
204            android:exported="false"
204-->[com.google.android.datatransport:transport-runtime:2.2.0] AndroidManifest.xml:28:13-37
205            android:permission="android.permission.BIND_JOB_SERVICE" >
205-->[com.google.android.datatransport:transport-runtime:2.2.0] AndroidManifest.xml:29:13-69
206        </service>
207
208        <receiver
208-->[com.google.android.datatransport:transport-runtime:2.2.0] AndroidManifest.xml:32:9-34:40
209            android:name="com.google.android.datatransport.runtime.scheduling.jobscheduling.AlarmManagerSchedulerBroadcastReceiver"
209-->[com.google.android.datatransport:transport-runtime:2.2.0] AndroidManifest.xml:33:13-132
210            android:exported="false" />
210-->[com.google.android.datatransport:transport-runtime:2.2.0] AndroidManifest.xml:34:13-37
211        <receiver
211-->[com.google.firebase:firebase-iid:20.1.6] AndroidManifest.xml:37:9-44:20
212            android:name="com.google.firebase.iid.FirebaseInstanceIdReceiver"
212-->[com.google.firebase:firebase-iid:20.1.6] AndroidManifest.xml:38:13-78
213            android:exported="true"
213-->[com.google.firebase:firebase-iid:20.1.6] AndroidManifest.xml:39:13-36
214            android:permission="com.google.android.c2dm.permission.SEND" >
214-->[com.google.firebase:firebase-iid:20.1.6] AndroidManifest.xml:40:13-73
215            <intent-filter>
215-->[com.google.firebase:firebase-iid:20.1.6] AndroidManifest.xml:41:13-43:29
216                <action android:name="com.google.android.c2dm.intent.RECEIVE" />
216-->[com.google.firebase:firebase-iid:20.1.6] AndroidManifest.xml:42:17-81
216-->[com.google.firebase:firebase-iid:20.1.6] AndroidManifest.xml:42:25-78
217            </intent-filter>
218        </receiver>
219
220        <activity
220-->[com.google.android.gms:play-services-base:17.0.0] AndroidManifest.xml:23:9-26:75
221            android:name="com.google.android.gms.common.api.GoogleApiActivity"
221-->[com.google.android.gms:play-services-base:17.0.0] AndroidManifest.xml:24:13-79
222            android:exported="false"
222-->[com.google.android.gms:play-services-base:17.0.0] AndroidManifest.xml:25:13-37
223            android:theme="@android:style/Theme.Translucent.NoTitleBar" />
223-->[com.google.android.gms:play-services-base:17.0.0] AndroidManifest.xml:26:13-72
224
225        <provider
225-->[com.google.firebase:firebase-common:19.3.0] AndroidManifest.xml:26:9-30:39
226            android:name="com.google.firebase.provider.FirebaseInitProvider"
226-->[com.google.firebase:firebase-common:19.3.0] AndroidManifest.xml:27:13-77
227            android:authorities="com.mbesocialdistancingapp.firebaseinitprovider"
227-->[com.google.firebase:firebase-common:19.3.0] AndroidManifest.xml:28:13-72
228            android:exported="false"
228-->[com.google.firebase:firebase-common:19.3.0] AndroidManifest.xml:29:13-37
229            android:initOrder="100" />
229-->[com.google.firebase:firebase-common:19.3.0] AndroidManifest.xml:30:13-36
230
231        <meta-data
231-->[com.google.android.gms:play-services-basement:17.0.0] AndroidManifest.xml:23:9-25:69
232            android:name="com.google.android.gms.version"
232-->[com.google.android.gms:play-services-basement:17.0.0] AndroidManifest.xml:24:13-58
233            android:value="@integer/google_play_services_version" />
233-->[com.google.android.gms:play-services-basement:17.0.0] AndroidManifest.xml:25:13-66
234
235        <activity
235-->[com.intentfilter:android-permissions:0.1.7] AndroidManifest.xml:12:9-15:59
236            android:name="com.intentfilter.androidpermissions.PermissionsActivity"
236-->[com.intentfilter:android-permissions:0.1.7] AndroidManifest.xml:13:13-83
237            android:excludeFromRecents="true"
237-->[com.intentfilter:android-permissions:0.1.7] AndroidManifest.xml:14:13-46
238            android:theme="@style/AppTheme.Transparent" />
238-->[com.intentfilter:android-permissions:0.1.7] AndroidManifest.xml:15:13-56
239    </application>
240
241</manifest>